nohup: ignoring input
Number of rows: 300000

Processing Batches:   0%|          | 0/43 [00:00<?, ?it/s]
Processing Batches:   2%|▏         | 1/43 [00:22<15:38, 22.36s/it]
Processing Batches:   5%|▍         | 2/43 [00:35<11:35, 16.96s/it]
Processing Batches:   7%|▋         | 3/43 [00:48<10:05, 15.14s/it]
Processing Batches:   9%|▉         | 4/43 [01:01<09:21, 14.41s/it]
Processing Batches:  12%|█▏        | 5/43 [01:14<08:38, 13.65s/it]
Processing Batches:  14%|█▍        | 6/43 [01:26<08:15, 13.39s/it]
Processing Batches:  16%|█▋        | 7/43 [01:39<07:49, 13.03s/it]
Processing Batches:  19%|█▊        | 8/43 [01:52<07:35, 13.01s/it]
Processing Batches:  21%|██        | 9/43 [02:04<07:14, 12.77s/it]
Processing Batches:  23%|██▎       | 10/43 [02:17<07:04, 12.86s/it]
Processing Batches:  26%|██▌       | 11/43 [02:30<06:49, 12.80s/it]
Processing Batches:  28%|██▊       | 12/43 [02:43<06:37, 12.82s/it]
Processing Batches:  30%|███       | 13/43 [02:55<06:17, 12.57s/it]
Processing Batches:  33%|███▎      | 14/43 [03:07<06:07, 12.66s/it]
Processing Batches:  35%|███▍      | 15/43 [03:20<05:57, 12.77s/it]
Processing Batches:  37%|███▋      | 16/43 [03:33<05:41, 12.66s/it]
Processing Batches:  40%|███▉      | 17/43 [03:45<05:26, 12.55s/it]
Processing Batches:  42%|████▏     | 18/43 [03:58<05:16, 12.65s/it]
Processing Batches:  44%|████▍     | 19/43 [04:10<05:01, 12.58s/it]
Processing Batches:  47%|████▋     | 20/43 [04:23<04:50, 12.65s/it]
Processing Batches:  49%|████▉     | 21/43 [04:36<04:37, 12.61s/it]
Processing Batches:  51%|█████     | 22/43 [04:49<04:26, 12.68s/it]
Processing Batches:  53%|█████▎    | 23/43 [05:01<04:13, 12.66s/it]
Processing Batches:  56%|█████▌    | 24/43 [05:14<04:03, 12.81s/it]
Processing Batches:  58%|█████▊    | 25/43 [05:27<03:50, 12.83s/it]
Processing Batches:  60%|██████    | 26/43 [05:40<03:36, 12.72s/it]
Processing Batches:  63%|██████▎   | 27/43 [05:53<03:24, 12.79s/it]
Processing Batches:  65%|██████▌   | 28/43 [06:05<03:10, 12.71s/it]
Processing Batches:  67%|██████▋   | 29/43 [06:18<03:00, 12.86s/it]
Processing Batches:  70%|██████▉   | 30/43 [06:31<02:45, 12.72s/it]
Processing Batches:  72%|███████▏  | 31/43 [06:44<02:34, 12.91s/it]
Processing Batches:  74%|███████▍  | 32/43 [06:56<02:20, 12.73s/it]
Processing Batches:  77%|███████▋  | 33/43 [07:09<02:07, 12.80s/it]
Processing Batches:  79%|███████▉  | 34/43 [07:22<01:54, 12.70s/it]
Processing Batches:  81%|████████▏ | 35/43 [07:35<01:42, 12.84s/it]
Processing Batches:  84%|████████▎ | 36/43 [07:48<01:30, 12.89s/it]
Processing Batches:  86%|████████▌ | 37/43 [08:00<01:15, 12.66s/it]
Processing Batches:  88%|████████▊ | 38/43 [08:13<01:03, 12.77s/it]
Processing Batches:  91%|█████████ | 39/43 [08:26<00:51, 12.88s/it]
Processing Batches:  93%|█████████▎| 40/43 [08:40<00:39, 13.03s/it]
Processing Batches:  95%|█████████▌| 41/43 [08:52<00:25, 12.88s/it]
Processing Batches:  98%|█████████▊| 42/43 [09:05<00:12, 12.86s/it]
Processing Batches: 100%|██████████| 43/43 [09:15<00:00, 12.12s/it]
Processing Batches: 100%|██████████| 43/43 [09:16<00:00, 12.93s/it]
Terminated
Execution completed. Results saved in output/2020
